<?xml version="1.0" encoding="UTF-8"?>
<coverage generated="1713350929219" clover="3.2.0">
  <project timestamp="1713350929219" name="All files">
    <metrics statements="22" coveredstatements="21" conditionals="24" coveredconditionals="23" methods="10" coveredmethods="9" elements="56" coveredelements="53" complexity="0" loc="22" ncloc="22" packages="3" files="11" classes="11"/>
    <package name="StaticData">
      <metrics statements="1" coveredstatements="1" conditionals="0" coveredconditionals="0" methods="0" coveredmethods="0"/>
      <file name="MenuData.ts" path="C:\Users\jangam keerthi\Documents\Dev\React-native\coffeeShop-react-native\sample\StaticData\MenuData.ts">
        <metrics statements="1" coveredstatements="1" conditionals="0" coveredconditionals="0" methods="0" coveredmethods="0"/>
        <line num="1" count="2" type="stmt"/>
      </file>
    </package>
    <package name="assets">
      <metrics statements="7" coveredstatements="7" conditionals="0" coveredconditionals="0" methods="0" coveredmethods="0"/>
      <file name="1.jpeg" path="C:\Users\jangam keerthi\Documents\Dev\React-native\coffeeShop-react-native\sample\assets\1.jpeg">
        <metrics statements="1" coveredstatements="1" conditionals="0" coveredconditionals="0" methods="0" coveredmethods="0"/>
        <line num="1" count="2" type="stmt"/>
      </file>
      <file name="13.jpg" path="C:\Users\jangam keerthi\Documents\Dev\React-native\coffeeShop-react-native\sample\assets\13.jpg">
        <metrics statements="1" coveredstatements="1" conditionals="0" coveredconditionals="0" methods="0" coveredmethods="0"/>
        <line num="1" count="2" type="stmt"/>
      </file>
      <file name="4.jpg" path="C:\Users\jangam keerthi\Documents\Dev\React-native\coffeeShop-react-native\sample\assets\4.jpg">
        <metrics statements="1" coveredstatements="1" conditionals="0" coveredconditionals="0" methods="0" coveredmethods="0"/>
        <line num="1" count="2" type="stmt"/>
      </file>
      <file name="9.jpg" path="C:\Users\jangam keerthi\Documents\Dev\React-native\coffeeShop-react-native\sample\assets\9.jpg">
        <metrics statements="1" coveredstatements="1" conditionals="0" coveredconditionals="0" methods="0" coveredmethods="0"/>
        <line num="1" count="2" type="stmt"/>
      </file>
      <file name="logoo.png" path="C:\Users\jangam keerthi\Documents\Dev\React-native\coffeeShop-react-native\sample\assets\logoo.png">
        <metrics statements="1" coveredstatements="1" conditionals="0" coveredconditionals="0" methods="0" coveredmethods="0"/>
        <line num="1" count="2" type="stmt"/>
      </file>
      <file name="newImage.jpeg" path="C:\Users\jangam keerthi\Documents\Dev\React-native\coffeeShop-react-native\sample\assets\newImage.jpeg">
        <metrics statements="1" coveredstatements="1" conditionals="0" coveredconditionals="0" methods="0" coveredmethods="0"/>
        <line num="1" count="2" type="stmt"/>
      </file>
      <file name="restaurant.jpeg" path="C:\Users\jangam keerthi\Documents\Dev\React-native\coffeeShop-react-native\sample\assets\restaurant.jpeg">
        <metrics statements="1" coveredstatements="1" conditionals="0" coveredconditionals="0" methods="0" coveredmethods="0"/>
        <line num="1" count="2" type="stmt"/>
      </file>
    </package>
    <package name="components">
      <metrics statements="14" coveredstatements="13" conditionals="24" coveredconditionals="23" methods="10" coveredmethods="9"/>
      <file name="AboutComponent.tsx" path="C:\Users\jangam keerthi\Documents\Dev\React-native\coffeeShop-react-native\sample\components\AboutComponent.tsx">
        <metrics statements="4" coveredstatements="4" conditionals="2" coveredconditionals="2" methods="2" coveredmethods="2"/>
        <line num="20" count="7" type="stmt"/>
        <line num="21" count="7" type="stmt"/>
        <line num="48" count="1" type="stmt"/>
        <line num="76" count="2" type="stmt"/>
      </file>
      <file name="SectionListMenuData.tsx" path="C:\Users\jangam keerthi\Documents\Dev\React-native\coffeeShop-react-native\sample\components\SectionListMenuData.tsx">
        <metrics statements="6" coveredstatements="6" conditionals="22" coveredconditionals="21" methods="5" coveredmethods="5"/>
        <line num="6" count="5" type="stmt"/>
        <line num="10" count="35" type="stmt"/>
        <line num="37" count="10" type="stmt"/>
        <line num="44" count="100" type="stmt"/>
        <line num="49" count="15" type="stmt"/>
        <line num="68" count="2" type="stmt"/>
      </file>
      <file name="TimingModel.tsx" path="C:\Users\jangam keerthi\Documents\Dev\React-native\coffeeShop-react-native\sample\components\TimingModel.tsx">
        <metrics statements="4" coveredstatements="3" conditionals="0" coveredconditionals="0" methods="3" coveredmethods="2"/>
        <line num="10" count="3" type="stmt"/>
        <line num="14" count="0" type="stmt"/>
        <line num="22" count="1" type="stmt"/>
        <line num="29" count="3" type="stmt"/>
      </file>
    </package>
  </project>
</coverage>
