<?xml version="1.0" encoding="UTF-8"?>
<coverage generated="1712930895051" clover="3.2.0">
  <project timestamp="1712930895051" name="All files">
    <metrics statements="23" coveredstatements="21" conditionals="12" coveredconditionals="12" methods="9" coveredmethods="7" elements="44" coveredelements="40" complexity="0" loc="23" ncloc="23" packages="3" files="11" classes="11"/>
    <package name="StaticData">
      <metrics statements="3" coveredstatements="3" conditionals="0" coveredconditionals="0" methods="0" coveredmethods="0"/>
      <file name="AppetizersData.ts" path="C:\Users\jangam keerthi\Documents\Dev\React-native\coffeeShop-react-native\sample\StaticData\AppetizersData.ts">
        <metrics statements="1" coveredstatements="1" conditionals="0" coveredconditionals="0" methods="0" coveredmethods="0"/>
        <line num="1" count="1" type="stmt"/>
      </file>
      <file name="DesssertsData.ts" path="C:\Users\jangam keerthi\Documents\Dev\React-native\coffeeShop-react-native\sample\StaticData\DesssertsData.ts">
        <metrics statements="1" coveredstatements="1" conditionals="0" coveredconditionals="0" methods="0" coveredmethods="0"/>
        <line num="1" count="1" type="stmt"/>
      </file>
      <file name="MainEntreesData.ts" path="C:\Users\jangam keerthi\Documents\Dev\React-native\coffeeShop-react-native\sample\StaticData\MainEntreesData.ts">
        <metrics statements="1" coveredstatements="1" conditionals="0" coveredconditionals="0" methods="0" coveredmethods="0"/>
        <line num="1" count="1" type="stmt"/>
      </file>
    </package>
    <package name="assets">
      <metrics statements="4" coveredstatements="4" conditionals="0" coveredconditionals="0" methods="0" coveredmethods="0"/>
      <file name="1.jpeg" path="C:\Users\jangam keerthi\Documents\Dev\React-native\coffeeShop-react-native\sample\assets\1.jpeg">
        <metrics statements="1" coveredstatements="1" conditionals="0" coveredconditionals="0" methods="0" coveredmethods="0"/>
        <line num="1" count="1" type="stmt"/>
      </file>
      <file name="13.jpg" path="C:\Users\jangam keerthi\Documents\Dev\React-native\coffeeShop-react-native\sample\assets\13.jpg">
        <metrics statements="1" coveredstatements="1" conditionals="0" coveredconditionals="0" methods="0" coveredmethods="0"/>
        <line num="1" count="1" type="stmt"/>
      </file>
      <file name="4.jpg" path="C:\Users\jangam keerthi\Documents\Dev\React-native\coffeeShop-react-native\sample\assets\4.jpg">
        <metrics statements="1" coveredstatements="1" conditionals="0" coveredconditionals="0" methods="0" coveredmethods="0"/>
        <line num="1" count="1" type="stmt"/>
      </file>
      <file name="newImage.jpeg" path="C:\Users\jangam keerthi\Documents\Dev\React-native\coffeeShop-react-native\sample\assets\newImage.jpeg">
        <metrics statements="1" coveredstatements="1" conditionals="0" coveredconditionals="0" methods="0" coveredmethods="0"/>
        <line num="1" count="1" type="stmt"/>
      </file>
    </package>
    <package name="components">
      <metrics statements="16" coveredstatements="14" conditionals="12" coveredconditionals="12" methods="9" coveredmethods="7"/>
      <file name="AppetizersList.tsx" path="C:\Users\jangam keerthi\Documents\Dev\React-native\coffeeShop-react-native\sample\components\AppetizersList.tsx">
        <metrics statements="4" coveredstatements="4" conditionals="4" coveredconditionals="4" methods="2" coveredmethods="2"/>
        <line num="6" count="1" type="stmt"/>
        <line num="68" count="1" type="stmt"/>
        <line num="69" count="5" type="stmt"/>
        <line num="76" count="10" type="stmt"/>
      </file>
      <file name="DessertsList.tsx" path="C:\Users\jangam keerthi\Documents\Dev\React-native\coffeeShop-react-native\sample\components\DessertsList.tsx">
        <metrics statements="4" coveredstatements="4" conditionals="4" coveredconditionals="4" methods="2" coveredmethods="2"/>
        <line num="5" count="1" type="stmt"/>
        <line num="61" count="1" type="stmt"/>
        <line num="62" count="4" type="stmt"/>
        <line num="68" count="24" type="stmt"/>
      </file>
      <file name="MainEntreesList.tsx" path="C:\Users\jangam keerthi\Documents\Dev\React-native\coffeeShop-react-native\sample\components\MainEntreesList.tsx">
        <metrics statements="4" coveredstatements="4" conditionals="4" coveredconditionals="4" methods="2" coveredmethods="2"/>
        <line num="5" count="1" type="stmt"/>
        <line num="61" count="1" type="stmt"/>
        <line num="62" count="4" type="stmt"/>
        <line num="71" count="32" type="stmt"/>
      </file>
      <file name="TimingModel.tsx" path="C:\Users\jangam keerthi\Documents\Dev\React-native\coffeeShop-react-native\sample\components\TimingModel.tsx">
        <metrics statements="4" coveredstatements="2" conditionals="0" coveredconditionals="0" methods="3" coveredmethods="1"/>
        <line num="10" count="1" type="stmt"/>
        <line num="14" count="0" type="stmt"/>
        <line num="22" count="0" type="stmt"/>
        <line num="29" count="1" type="stmt"/>
      </file>
    </package>
  </project>
</coverage>
