{"C:\\Users\\jangam keerthi\\Documents\\Dev\\React-native\\coffeeShop-react-native\\sample\\StaticData\\MenuData.ts": {"path":"C:\\Users\\jangam keerthi\\Documents\\Dev\\React-native\\coffeeShop-react-native\\sample\\StaticData\\MenuData.ts","statementMap":{"0":{"start":{"line":1,"column":24},"end":{"line":164,"column":1}}},"fnMap":{},"branchMap":{},"s":{"0":1},"f":{},"b":{},"_coverageSchema":"1a1c01bbd47fc00a2c39e90264f33305004495a9","hash":"9ed2e8188cf3fcf57141e82ef620cb597ff5f535"}
,"C:\\Users\\jangam keerthi\\Documents\\Dev\\React-native\\coffeeShop-react-native\\sample\\assets\\1.jpeg": {"path":"C:\\Users\\jangam keerthi\\Documents\\Dev\\React-native\\coffeeShop-react-native\\sample\\assets\\1.jpeg","statementMap":{"0":{"start":{"line":1,"column":0},"end":{"line":4,"column":6}}},"fnMap":{},"branchMap":{},"s":{"0":1},"f":{},"b":{},"_coverageSchema":"1a1c01bbd47fc00a2c39e90264f33305004495a9","hash":"8570ba9d8b10194fcbc592db20a5ae0480c764bd"}
,"C:\\Users\\jangam keerthi\\Documents\\Dev\\React-native\\coffeeShop-react-native\\sample\\assets\\13.jpg": {"path":"C:\\Users\\jangam keerthi\\Documents\\Dev\\React-native\\coffeeShop-react-native\\sample\\assets\\13.jpg","statementMap":{"0":{"start":{"line":1,"column":0},"end":{"line":4,"column":6}}},"fnMap":{},"branchMap":{},"s":{"0":1},"f":{},"b":{},"_coverageSchema":"1a1c01bbd47fc00a2c39e90264f33305004495a9","hash":"393f66091820c2fc1a6e506c3f192708bf708e88"}
,"C:\\Users\\jangam keerthi\\Documents\\Dev\\React-native\\coffeeShop-react-native\\sample\\assets\\4.jpg": {"path":"C:\\Users\\jangam keerthi\\Documents\\Dev\\React-native\\coffeeShop-react-native\\sample\\assets\\4.jpg","statementMap":{"0":{"start":{"line":1,"column":0},"end":{"line":4,"column":6}}},"fnMap":{},"branchMap":{},"s":{"0":1},"f":{},"b":{},"_coverageSchema":"1a1c01bbd47fc00a2c39e90264f33305004495a9","hash":"da97b72dafaa6b1c27b593bef319c9a2dfe058d3"}
,"C:\\Users\\jangam keerthi\\Documents\\Dev\\React-native\\coffeeShop-react-native\\sample\\assets\\9.jpg": {"path":"C:\\Users\\jangam keerthi\\Documents\\Dev\\React-native\\coffeeShop-react-native\\sample\\assets\\9.jpg","statementMap":{"0":{"start":{"line":1,"column":0},"end":{"line":4,"column":6}}},"fnMap":{},"branchMap":{},"s":{"0":1},"f":{},"b":{},"_coverageSchema":"1a1c01bbd47fc00a2c39e90264f33305004495a9","hash":"3cdacce12b8972e93fe3dc761e47409268478db5"}
,"C:\\Users\\jangam keerthi\\Documents\\Dev\\React-native\\coffeeShop-react-native\\sample\\assets\\logoo.png": {"path":"C:\\Users\\jangam keerthi\\Documents\\Dev\\React-native\\coffeeShop-react-native\\sample\\assets\\logoo.png","statementMap":{"0":{"start":{"line":1,"column":0},"end":{"line":4,"column":6}}},"fnMap":{},"branchMap":{},"s":{"0":1},"f":{},"b":{},"_coverageSchema":"1a1c01bbd47fc00a2c39e90264f33305004495a9","hash":"2b83f96946acb8621c4145bdddb40b249898ccd1"}
,"C:\\Users\\jangam keerthi\\Documents\\Dev\\React-native\\coffeeShop-react-native\\sample\\assets\\newImage.jpeg": {"path":"C:\\Users\\jangam keerthi\\Documents\\Dev\\React-native\\coffeeShop-react-native\\sample\\assets\\newImage.jpeg","statementMap":{"0":{"start":{"line":1,"column":0},"end":{"line":4,"column":6}}},"fnMap":{},"branchMap":{},"s":{"0":1},"f":{},"b":{},"_coverageSchema":"1a1c01bbd47fc00a2c39e90264f33305004495a9","hash":"cccc72f7236c257fba6965b40cf38d8d8ca64383"}
,"C:\\Users\\jangam keerthi\\Documents\\Dev\\React-native\\coffeeShop-react-native\\sample\\assets\\restaurant.jpeg": {"path":"C:\\Users\\jangam keerthi\\Documents\\Dev\\React-native\\coffeeShop-react-native\\sample\\assets\\restaurant.jpeg","statementMap":{"0":{"start":{"line":1,"column":0},"end":{"line":4,"column":6}}},"fnMap":{},"branchMap":{},"s":{"0":1},"f":{},"b":{},"_coverageSchema":"1a1c01bbd47fc00a2c39e90264f33305004495a9","hash":"c87bceb1e7665d227e9a32d3e9f5a167b3c0118a"}
,"C:\\Users\\jangam keerthi\\Documents\\Dev\\React-native\\coffeeShop-react-native\\sample\\components\\AboutComponent.tsx": {"path":"C:\\Users\\jangam keerthi\\Documents\\Dev\\React-native\\coffeeShop-react-native\\sample\\components\\AboutComponent.tsx","statementMap":{"0":{"start":{"line":22,"column":46},"end":{"line":22,"column":70}},"1":{"start":{"line":23,"column":2},"end":{"line":75,"column":4}},"2":{"start":{"line":50,"column":31},"end":{"line":50,"column":54}},"3":{"start":{"line":78,"column":15},"end":{"line":122,"column":2}}},"fnMap":{"0":{"name":"AboutComponent","decl":{"start":{"line":21,"column":24},"end":{"line":21,"column":38}},"loc":{"start":{"line":21,"column":41},"end":{"line":76,"column":1}},"line":21},"1":{"name":"(anonymous_1)","decl":{"start":{"line":50,"column":25},"end":{"line":50,"column":26}},"loc":{"start":{"line":50,"column":31},"end":{"line":50,"column":54}},"line":50}},"branchMap":{"0":{"loc":{"start":{"line":68,"column":7},"end":{"line":73,"column":7}},"type":"binary-expr","locations":[{"start":{"line":68,"column":7},"end":{"line":68,"column":21}},{"start":{"line":69,"column":8},"end":{"line":72,"column":10}}],"line":68}},"s":{"0":6,"1":6,"2":1,"3":1},"f":{"0":6,"1":1},"b":{"0":[6,1]},"_coverageSchema":"1a1c01bbd47fc00a2c39e90264f33305004495a9","hash":"0b3c83bccdb86f8d8386f5a50ad7d4d658c2b77a"}
,"C:\\Users\\jangam keerthi\\Documents\\Dev\\React-native\\coffeeShop-react-native\\sample\\components\\AppetizersList.tsx": {"path":"C:\\Users\\jangam keerthi\\Documents\\Dev\\React-native\\coffeeShop-react-native\\sample\\components\\AppetizersList.tsx","statementMap":{"0":{"start":{"line":6,"column":15},"end":{"line":66,"column":2}},"1":{"start":{"line":68,"column":23},"end":{"line":109,"column":1}},"2":{"start":{"line":69,"column":2},"end":{"line":108,"column":4}},"3":{"start":{"line":76,"column":10},"end":{"line":103,"column":17}},"4":{"start":{"line":105,"column":43},"end":{"line":105,"column":93}}},"fnMap":{"0":{"name":"(anonymous_0)","decl":{"start":{"line":68,"column":23},"end":{"line":68,"column":24}},"loc":{"start":{"line":68,"column":29},"end":{"line":109,"column":1}},"line":68},"1":{"name":"(anonymous_1)","decl":{"start":{"line":75,"column":20},"end":{"line":75,"column":21}},"loc":{"start":{"line":76,"column":10},"end":{"line":103,"column":17}},"line":76},"2":{"name":"(anonymous_2)","decl":{"start":{"line":105,"column":29},"end":{"line":105,"column":30}},"loc":{"start":{"line":105,"column":43},"end":{"line":105,"column":93}},"line":105}},"branchMap":{"0":{"loc":{"start":{"line":79,"column":17},"end":{"line":89,"column":17}},"type":"cond-expr","locations":[{"start":{"line":80,"column":18},"end":{"line":86,"column":25}},{"start":{"line":88,"column":18},"end":{"line":88,"column":72}}],"line":79},"1":{"loc":{"start":{"line":91,"column":17},"end":{"line":97,"column":17}},"type":"cond-expr","locations":[{"start":{"line":92,"column":18},"end":{"line":92,"column":68}},{"start":{"line":94,"column":18},"end":{"line":96,"column":25}}],"line":91}},"s":{"0":1,"1":1,"2":6,"3":0,"4":0},"f":{"0":6,"1":0,"2":0},"b":{"0":[0,0],"1":[0,0]},"_coverageSchema":"1a1c01bbd47fc00a2c39e90264f33305004495a9","hash":"f0877ca5db0af7809ee49961070acb3c27db0107"}
,"C:\\Users\\jangam keerthi\\Documents\\Dev\\React-native\\coffeeShop-react-native\\sample\\components\\TimingModel.tsx": {"path":"C:\\Users\\jangam keerthi\\Documents\\Dev\\React-native\\coffeeShop-react-native\\sample\\components\\TimingModel.tsx","statementMap":{"0":{"start":{"line":10,"column":2},"end":{"line":26,"column":4}},"1":{"start":{"line":14,"column":8},"end":{"line":14,"column":33}},"2":{"start":{"line":22,"column":68},"end":{"line":22,"column":92}},"3":{"start":{"line":29,"column":15},"end":{"line":29,"column":36}}},"fnMap":{"0":{"name":"TimingModel","decl":{"start":{"line":6,"column":24},"end":{"line":6,"column":35}},"loc":{"start":{"line":9,"column":21},"end":{"line":27,"column":1}},"line":9},"1":{"name":"(anonymous_1)","decl":{"start":{"line":13,"column":22},"end":{"line":13,"column":23}},"loc":{"start":{"line":13,"column":28},"end":{"line":15,"column":7}},"line":13},"2":{"name":"(anonymous_2)","decl":{"start":{"line":22,"column":62},"end":{"line":22,"column":63}},"loc":{"start":{"line":22,"column":68},"end":{"line":22,"column":92}},"line":22}},"branchMap":{},"s":{"0":3,"1":0,"2":1,"3":2},"f":{"0":3,"1":0,"2":1},"b":{},"_coverageSchema":"1a1c01bbd47fc00a2c39e90264f33305004495a9","hash":"0ca36f933f8faa2dd9822cdfd27d5c4e35dc2c93"}
}
