{"C:\\Users\\jangam keerthi\\Documents\\Dev\\React-native\\coffeeShop-react-native\\sample\\StaticData\\AppetizersData.ts": {"path":"C:\\Users\\jangam keerthi\\Documents\\Dev\\React-native\\coffeeShop-react-native\\sample\\StaticData\\AppetizersData.ts","statementMap":{"0":{"start":{"line":1,"column":26},"end":{"line":25,"column":1}}},"fnMap":{},"branchMap":{},"s":{"0":1},"f":{},"b":{},"_coverageSchema":"1a1c01bbd47fc00a2c39e90264f33305004495a9","hash":"c630226600631b966c07ed6d5995b0d9caf83e32"}
,"C:\\Users\\jangam keerthi\\Documents\\Dev\\React-native\\coffeeShop-react-native\\sample\\StaticData\\DesssertsData.ts": {"path":"C:\\Users\\jangam keerthi\\Documents\\Dev\\React-native\\coffeeShop-react-native\\sample\\StaticData\\DesssertsData.ts","statementMap":{"0":{"start":{"line":1,"column":24},"end":{"line":65,"column":1}}},"fnMap":{},"branchMap":{},"s":{"0":1},"f":{},"b":{},"_coverageSchema":"1a1c01bbd47fc00a2c39e90264f33305004495a9","hash":"e8ac2799adffd793abad42d7e9393d37584ce8aa"}
,"C:\\Users\\jangam keerthi\\Documents\\Dev\\React-native\\coffeeShop-react-native\\sample\\StaticData\\MainEntreesData.ts": {"path":"C:\\Users\\jangam keerthi\\Documents\\Dev\\React-native\\coffeeShop-react-native\\sample\\StaticData\\MainEntreesData.ts","statementMap":{"0":{"start":{"line":1,"column":27},"end":{"line":78,"column":1}}},"fnMap":{},"branchMap":{},"s":{"0":1},"f":{},"b":{},"_coverageSchema":"1a1c01bbd47fc00a2c39e90264f33305004495a9","hash":"b837ef235951e82fbaa6aac0d4052f844815b587"}
,"C:\\Users\\jangam keerthi\\Documents\\Dev\\React-native\\coffeeShop-react-native\\sample\\assets\\1.jpeg": {"path":"C:\\Users\\jangam keerthi\\Documents\\Dev\\React-native\\coffeeShop-react-native\\sample\\assets\\1.jpeg","statementMap":{"0":{"start":{"line":1,"column":0},"end":{"line":4,"column":6}}},"fnMap":{},"branchMap":{},"s":{"0":1},"f":{},"b":{},"_coverageSchema":"1a1c01bbd47fc00a2c39e90264f33305004495a9","hash":"8570ba9d8b10194fcbc592db20a5ae0480c764bd"}
,"C:\\Users\\jangam keerthi\\Documents\\Dev\\React-native\\coffeeShop-react-native\\sample\\assets\\13.jpg": {"path":"C:\\Users\\jangam keerthi\\Documents\\Dev\\React-native\\coffeeShop-react-native\\sample\\assets\\13.jpg","statementMap":{"0":{"start":{"line":1,"column":0},"end":{"line":4,"column":6}}},"fnMap":{},"branchMap":{},"s":{"0":1},"f":{},"b":{},"_coverageSchema":"1a1c01bbd47fc00a2c39e90264f33305004495a9","hash":"393f66091820c2fc1a6e506c3f192708bf708e88"}
,"C:\\Users\\jangam keerthi\\Documents\\Dev\\React-native\\coffeeShop-react-native\\sample\\assets\\4.jpg": {"path":"C:\\Users\\jangam keerthi\\Documents\\Dev\\React-native\\coffeeShop-react-native\\sample\\assets\\4.jpg","statementMap":{"0":{"start":{"line":1,"column":0},"end":{"line":4,"column":6}}},"fnMap":{},"branchMap":{},"s":{"0":1},"f":{},"b":{},"_coverageSchema":"1a1c01bbd47fc00a2c39e90264f33305004495a9","hash":"da97b72dafaa6b1c27b593bef319c9a2dfe058d3"}
,"C:\\Users\\jangam keerthi\\Documents\\Dev\\React-native\\coffeeShop-react-native\\sample\\assets\\logoo.png": {"path":"C:\\Users\\jangam keerthi\\Documents\\Dev\\React-native\\coffeeShop-react-native\\sample\\assets\\logoo.png","statementMap":{"0":{"start":{"line":1,"column":0},"end":{"line":4,"column":6}}},"fnMap":{},"branchMap":{},"s":{"0":1},"f":{},"b":{},"_coverageSchema":"1a1c01bbd47fc00a2c39e90264f33305004495a9","hash":"2b83f96946acb8621c4145bdddb40b249898ccd1"}
,"C:\\Users\\jangam keerthi\\Documents\\Dev\\React-native\\coffeeShop-react-native\\sample\\assets\\newImage.jpeg": {"path":"C:\\Users\\jangam keerthi\\Documents\\Dev\\React-native\\coffeeShop-react-native\\sample\\assets\\newImage.jpeg","statementMap":{"0":{"start":{"line":1,"column":0},"end":{"line":4,"column":6}}},"fnMap":{},"branchMap":{},"s":{"0":1},"f":{},"b":{},"_coverageSchema":"1a1c01bbd47fc00a2c39e90264f33305004495a9","hash":"cccc72f7236c257fba6965b40cf38d8d8ca64383"}
,"C:\\Users\\jangam keerthi\\Documents\\Dev\\React-native\\coffeeShop-react-native\\sample\\assets\\restaurant.jpeg": {"path":"C:\\Users\\jangam keerthi\\Documents\\Dev\\React-native\\coffeeShop-react-native\\sample\\assets\\restaurant.jpeg","statementMap":{"0":{"start":{"line":1,"column":0},"end":{"line":4,"column":6}}},"fnMap":{},"branchMap":{},"s":{"0":1},"f":{},"b":{},"_coverageSchema":"1a1c01bbd47fc00a2c39e90264f33305004495a9","hash":"c87bceb1e7665d227e9a32d3e9f5a167b3c0118a"}
,"C:\\Users\\jangam keerthi\\Documents\\Dev\\React-native\\coffeeShop-react-native\\sample\\components\\AboutComponent.tsx": {"path":"C:\\Users\\jangam keerthi\\Documents\\Dev\\React-native\\coffeeShop-react-native\\sample\\components\\AboutComponent.tsx","statementMap":{"0":{"start":{"line":20,"column":46},"end":{"line":20,"column":70}},"1":{"start":{"line":21,"column":2},"end":{"line":70,"column":4}},"2":{"start":{"line":46,"column":59},"end":{"line":46,"column":82}},"3":{"start":{"line":73,"column":15},"end":{"line":122,"column":2}}},"fnMap":{"0":{"name":"AboutComponent","decl":{"start":{"line":19,"column":24},"end":{"line":19,"column":38}},"loc":{"start":{"line":19,"column":41},"end":{"line":71,"column":1}},"line":19},"1":{"name":"(anonymous_1)","decl":{"start":{"line":46,"column":53},"end":{"line":46,"column":54}},"loc":{"start":{"line":46,"column":59},"end":{"line":46,"column":82}},"line":46}},"branchMap":{"0":{"loc":{"start":{"line":63,"column":7},"end":{"line":68,"column":7}},"type":"binary-expr","locations":[{"start":{"line":63,"column":7},"end":{"line":63,"column":21}},{"start":{"line":64,"column":8},"end":{"line":67,"column":10}}],"line":63}},"s":{"0":6,"1":6,"2":1,"3":1},"f":{"0":6,"1":1},"b":{"0":[6,1]},"_coverageSchema":"1a1c01bbd47fc00a2c39e90264f33305004495a9","hash":"a99aaa97786e2753e5548775100b8d040b94c790"}
,"C:\\Users\\jangam keerthi\\Documents\\Dev\\React-native\\coffeeShop-react-native\\sample\\components\\AppetizersList.tsx": {"path":"C:\\Users\\jangam keerthi\\Documents\\Dev\\React-native\\coffeeShop-react-native\\sample\\components\\AppetizersList.tsx","statementMap":{"0":{"start":{"line":6,"column":15},"end":{"line":66,"column":2}},"1":{"start":{"line":68,"column":23},"end":{"line":108,"column":1}},"2":{"start":{"line":69,"column":2},"end":{"line":107,"column":4}},"3":{"start":{"line":76,"column":10},"end":{"line":103,"column":17}}},"fnMap":{"0":{"name":"(anonymous_0)","decl":{"start":{"line":68,"column":23},"end":{"line":68,"column":24}},"loc":{"start":{"line":68,"column":29},"end":{"line":108,"column":1}},"line":68},"1":{"name":"(anonymous_1)","decl":{"start":{"line":75,"column":20},"end":{"line":75,"column":21}},"loc":{"start":{"line":76,"column":10},"end":{"line":103,"column":17}},"line":76}},"branchMap":{"0":{"loc":{"start":{"line":79,"column":17},"end":{"line":89,"column":17}},"type":"cond-expr","locations":[{"start":{"line":80,"column":18},"end":{"line":86,"column":25}},{"start":{"line":88,"column":18},"end":{"line":88,"column":72}}],"line":79},"1":{"loc":{"start":{"line":91,"column":17},"end":{"line":97,"column":17}},"type":"cond-expr","locations":[{"start":{"line":92,"column":18},"end":{"line":92,"column":68}},{"start":{"line":94,"column":18},"end":{"line":96,"column":25}}],"line":91}},"s":{"0":1,"1":1,"2":5,"3":10},"f":{"0":5,"1":10},"b":{"0":[5,5],"1":[5,5]},"_coverageSchema":"1a1c01bbd47fc00a2c39e90264f33305004495a9","hash":"36c0812c20abc4ce4e131f80175bbb2d3f9956cc"}
,"C:\\Users\\jangam keerthi\\Documents\\Dev\\React-native\\coffeeShop-react-native\\sample\\components\\DessertsList.tsx": {"path":"C:\\Users\\jangam keerthi\\Documents\\Dev\\React-native\\coffeeShop-react-native\\sample\\components\\DessertsList.tsx","statementMap":{"0":{"start":{"line":5,"column":15},"end":{"line":59,"column":2}},"1":{"start":{"line":61,"column":21},"end":{"line":94,"column":1}},"2":{"start":{"line":62,"column":2},"end":{"line":93,"column":4}},"3":{"start":{"line":68,"column":10},"end":{"line":89,"column":17}}},"fnMap":{"0":{"name":"(anonymous_0)","decl":{"start":{"line":61,"column":21},"end":{"line":61,"column":22}},"loc":{"start":{"line":61,"column":27},"end":{"line":94,"column":1}},"line":61},"1":{"name":"(anonymous_1)","decl":{"start":{"line":67,"column":20},"end":{"line":67,"column":21}},"loc":{"start":{"line":68,"column":10},"end":{"line":89,"column":17}},"line":68}},"branchMap":{"0":{"loc":{"start":{"line":71,"column":17},"end":{"line":76,"column":17}},"type":"binary-expr","locations":[{"start":{"line":71,"column":17},"end":{"line":71,"column":37}},{"start":{"line":72,"column":18},"end":{"line":75,"column":20}}],"line":71},"1":{"loc":{"start":{"line":81,"column":17},"end":{"line":83,"column":17}},"type":"binary-expr","locations":[{"start":{"line":81,"column":17},"end":{"line":81,"column":41}},{"start":{"line":82,"column":18},"end":{"line":82,"column":86}}],"line":81}},"s":{"0":1,"1":1,"2":4,"3":24},"f":{"0":4,"1":24},"b":{"0":[24,4],"1":[24,4]},"_coverageSchema":"1a1c01bbd47fc00a2c39e90264f33305004495a9","hash":"8f44ecf32d4ebc30360d2331618b1f3a3b6cbd21"}
,"C:\\Users\\jangam keerthi\\Documents\\Dev\\React-native\\coffeeShop-react-native\\sample\\components\\MainEntreesList.tsx": {"path":"C:\\Users\\jangam keerthi\\Documents\\Dev\\React-native\\coffeeShop-react-native\\sample\\components\\MainEntreesList.tsx","statementMap":{"0":{"start":{"line":5,"column":15},"end":{"line":59,"column":2}},"1":{"start":{"line":61,"column":24},"end":{"line":107,"column":1}},"2":{"start":{"line":62,"column":2},"end":{"line":106,"column":4}},"3":{"start":{"line":71,"column":10},"end":{"line":102,"column":17}}},"fnMap":{"0":{"name":"(anonymous_0)","decl":{"start":{"line":61,"column":24},"end":{"line":61,"column":25}},"loc":{"start":{"line":61,"column":30},"end":{"line":107,"column":1}},"line":61},"1":{"name":"(anonymous_1)","decl":{"start":{"line":70,"column":20},"end":{"line":70,"column":21}},"loc":{"start":{"line":71,"column":10},"end":{"line":102,"column":17}},"line":71}},"branchMap":{"0":{"loc":{"start":{"line":74,"column":17},"end":{"line":79,"column":17}},"type":"binary-expr","locations":[{"start":{"line":74,"column":17},"end":{"line":74,"column":37}},{"start":{"line":75,"column":18},"end":{"line":78,"column":20}}],"line":74},"1":{"loc":{"start":{"line":83,"column":17},"end":{"line":96,"column":17}},"type":"cond-expr","locations":[{"start":{"line":84,"column":18},"end":{"line":91,"column":25}},{"start":{"line":93,"column":18},"end":{"line":95,"column":25}}],"line":83}},"s":{"0":1,"1":1,"2":4,"3":32},"f":{"0":4,"1":32},"b":{"0":[32,8],"1":[28,4]},"_coverageSchema":"1a1c01bbd47fc00a2c39e90264f33305004495a9","hash":"924fb54037f0369a6dcde5ab4f22745bde55ccf4"}
,"C:\\Users\\jangam keerthi\\Documents\\Dev\\React-native\\coffeeShop-react-native\\sample\\components\\TimingModel.tsx": {"path":"C:\\Users\\jangam keerthi\\Documents\\Dev\\React-native\\coffeeShop-react-native\\sample\\components\\TimingModel.tsx","statementMap":{"0":{"start":{"line":10,"column":2},"end":{"line":26,"column":4}},"1":{"start":{"line":14,"column":8},"end":{"line":14,"column":33}},"2":{"start":{"line":22,"column":47},"end":{"line":22,"column":71}},"3":{"start":{"line":29,"column":15},"end":{"line":29,"column":36}}},"fnMap":{"0":{"name":"TimingModel","decl":{"start":{"line":6,"column":24},"end":{"line":6,"column":35}},"loc":{"start":{"line":9,"column":21},"end":{"line":27,"column":1}},"line":9},"1":{"name":"(anonymous_1)","decl":{"start":{"line":13,"column":22},"end":{"line":13,"column":23}},"loc":{"start":{"line":13,"column":28},"end":{"line":15,"column":7}},"line":13},"2":{"name":"(anonymous_2)","decl":{"start":{"line":22,"column":41},"end":{"line":22,"column":42}},"loc":{"start":{"line":22,"column":47},"end":{"line":22,"column":71}},"line":22}},"branchMap":{},"s":{"0":1,"1":0,"2":0,"3":1},"f":{"0":1,"1":0,"2":0},"b":{},"_coverageSchema":"1a1c01bbd47fc00a2c39e90264f33305004495a9","hash":"0d4e695f1ab60147bfb832f387909f5a000447dd"}
}
