TN:
SF:StaticData\MenuData.ts
FNF:0
FNH:0
DA:1,2
LF:1
LH:1
BRF:0
BRH:0
end_of_record
TN:
SF:assets\1.jpeg
FNF:0
FNH:0
DA:1,2
LF:1
LH:1
BRF:0
BRH:0
end_of_record
TN:
SF:assets\13.jpg
FNF:0
FNH:0
DA:1,2
LF:1
LH:1
BRF:0
BRH:0
end_of_record
TN:
SF:assets\4.jpg
FNF:0
FNH:0
DA:1,2
LF:1
LH:1
BRF:0
BRH:0
end_of_record
TN:
SF:assets\9.jpg
FNF:0
FNH:0
DA:1,2
LF:1
LH:1
BRF:0
BRH:0
end_of_record
TN:
SF:assets\logoo.png
FNF:0
FNH:0
DA:1,2
LF:1
LH:1
BRF:0
BRH:0
end_of_record
TN:
SF:assets\newImage.jpeg
FNF:0
FNH:0
DA:1,2
LF:1
LH:1
BRF:0
BRH:0
end_of_record
TN:
SF:assets\restaurant.jpeg
FNF:0
FNH:0
DA:1,2
LF:1
LH:1
BRF:0
BRH:0
end_of_record
TN:
SF:components\AboutComponent.tsx
FN:19,AboutComponent
FN:48,(anonymous_1)
FNF:2
FNH:2
FNDA:7,AboutComponent
FNDA:1,(anonymous_1)
DA:20,7
DA:21,7
DA:48,1
DA:76,2
LF:4
LH:4
BRDA:66,0,0,7
BRDA:66,0,1,1
BRF:2
BRH:2
end_of_record
TN:
SF:components\SectionListMenuData.tsx
FN:5,SectionListMenuData
FN:9,(anonymous_1)
FN:36,(anonymous_2)
FN:44,(anonymous_3)
FN:48,(anonymous_4)
FNF:5
FNH:5
FNDA:5,SectionListMenuData
FNDA:35,(anonymous_1)
FNDA:10,(anonymous_2)
FNDA:100,(anonymous_3)
FNDA:15,(anonymous_4)
DA:6,5
DA:10,35
DA:37,10
DA:44,100
DA:49,15
DA:68,2
LF:6
LH:6
BRDA:11,0,0,10
BRDA:11,0,1,25
BRDA:11,1,0,35
BRDA:11,1,1,25
BRDA:17,2,0,5
BRDA:17,2,1,30
BRDA:22,3,0,35
BRDA:22,3,1,0
BRDA:25,4,0,5
BRDA:25,4,1,30
BRDA:25,5,0,35
BRDA:25,5,1,10
BRDA:28,6,0,10
BRDA:28,6,1,25
BRDA:39,7,0,5
BRDA:39,7,1,5
BRDA:50,8,0,5
BRDA:50,8,1,10
BRDA:56,9,0,5
BRDA:56,9,1,10
BRDA:57,10,0,5
BRDA:57,10,1,10
BRF:22
BRH:21
end_of_record
TN:
SF:components\TimingModel.tsx
FN:6,TimingModel
FN:13,(anonymous_1)
FN:22,(anonymous_2)
FNF:3
FNH:2
FNDA:3,TimingModel
FNDA:0,(anonymous_1)
FNDA:1,(anonymous_2)
DA:10,3
DA:14,0
DA:22,1
DA:29,3
LF:4
LH:3
BRF:0
BRH:0
end_of_record
