TN:
SF:assets\logoo.png
FNF:0
FNH:0
DA:1,1
LF:1
LH:1
BRF:0
BRH:0
end_of_record
TN:
SF:assets\restaurant.jpeg
FNF:0
FNH:0
DA:1,1
LF:1
LH:1
BRF:0
BRH:0
end_of_record
TN:
SF:components\AboutComponent.tsx
FN:19,AboutComponent
FN:48,(anonymous_1)
FNF:2
FNH:2
FNDA:6,AboutComponent
FNDA:1,(anonymous_1)
DA:20,6
DA:21,6
DA:48,1
DA:76,1
LF:4
LH:4
BRDA:66,0,0,6
BRDA:66,0,1,1
BRF:2
BRH:2
end_of_record
TN:
SF:components\TimingModel.tsx
FN:6,TimingModel
FN:13,(anonymous_1)
FN:22,(anonymous_2)
FNF:3
FNH:2
FNDA:3,TimingModel
FNDA:0,(anonymous_1)
FNDA:1,(anonymous_2)
DA:10,3
DA:14,0
DA:22,1
DA:29,2
LF:4
LH:3
BRF:0
BRH:0
end_of_record
